{
  "stats": {
    "suites": 5,
    "tests": 8,
    "passes": 4,
    "pending": 4,
    "failures": 0,
    "start": "2024-09-29T10:00:39.816Z",
    "end": "2024-09-29T10:00:42.647Z",
    "duration": 2831,
    "testsRegistered": 8,
    "passPercent": 100,
    "pendingPercent": 50,
    "other": 0,
    "hasOther": false,
    "skipped": 0,
    "hasSkipped": false
  },
  "results": [
    {
      "uuid": "e54284e4-38b8-4f3d-989b-e4d25cb735e2",
      "title": "",
      "fullFile": "",
      "file": "",
      "beforeHooks": [],
      "afterHooks": [],
      "tests": [],
      "suites": [
        {
          "uuid": "8f0f675a-4d93-4cd4-b32c-4620a18dce29",
          "title": "get registration",
          "fullFile": "/Users/hf/Documents/bootcamp/Tugas-API-Automation/tugastriisya.js",
          "file": "/tugastriisya.js",
          "beforeHooks": [],
          "afterHooks": [],
          "tests": [
            {
              "title": "create account",
              "fullTitle": "get registration create account",
              "timedOut": false,
              "duration": 0,
              "state": "pending",
              "speed": null,
              "pass": false,
              "fail": false,
              "pending": true,
              "context": null,
              "code": "",
              "err": {},
              "uuid": "5fee2e26-60f9-4af3-ab5c-d27f90016145",
              "parentUUID": "8f0f675a-4d93-4cd4-b32c-4620a18dce29",
              "isHook": false,
              "skipped": false
            }
          ],
          "suites": [],
          "passes": [],
          "failures": [],
          "pending": [
            "5fee2e26-60f9-4af3-ab5c-d27f90016145"
          ],
          "skipped": [],
          "duration": 0,
          "root": false,
          "rootEmpty": false,
          "_timeout": 2000
        },
        {
          "uuid": "e113a4b3-29d0-451e-a3c5-78c20cee00d9",
          "title": "get login",
          "fullFile": "/Users/hf/Documents/bootcamp/Tugas-API-Automation/tugastriisya.js",
          "file": "/tugastriisya.js",
          "beforeHooks": [],
          "afterHooks": [],
          "tests": [
            {
              "title": "login",
              "fullTitle": "get login login",
              "timedOut": false,
              "duration": 1762,
              "state": "passed",
              "speed": "slow",
              "pass": true,
              "fail": false,
              "pending": false,
              "context": null,
              "code": "const response = await request (BaseURL).post('/authentications').send(\n {\n   \"email\": \"triisyatugas@ex.com\",\n   \"password\": \"123456\",\n }\n    )\n    accessToken=(await response).body.data.accessToken\n    refreshToken=(await response).body.data.refreshToken\n    expect((await response).status).to.equal(201)\n    expect((await response).body.status).to.equal(\"success\")\n    expect ((await response).body.message).to.equal(\"Authentication berhasil ditambahkan\")\n    console.log (\"accessToken:\",accessToken)\n    console.log (\"refreshToken:\",refreshToken)",
              "err": {},
              "uuid": "5ea2106f-402f-4169-a0cf-ac4dd7dfc091",
              "parentUUID": "e113a4b3-29d0-451e-a3c5-78c20cee00d9",
              "isHook": false,
              "skipped": false
            }
          ],
          "suites": [],
          "passes": [
            "5ea2106f-402f-4169-a0cf-ac4dd7dfc091"
          ],
          "failures": [],
          "pending": [],
          "skipped": [],
          "duration": 1762,
          "root": false,
          "rootEmpty": false,
          "_timeout": 2000
        },
        {
          "uuid": "cc24dfc5-b5a4-4d8d-a8f8-e7dc9a4c18c8",
          "title": "get add unit",
          "fullFile": "/Users/hf/Documents/bootcamp/Tugas-API-Automation/tugastriisya.js",
          "file": "/tugastriisya.js",
          "beforeHooks": [],
          "afterHooks": [],
          "tests": [
            {
              "title": "add unit",
              "fullTitle": "get add unit add unit",
              "timedOut": false,
              "duration": 0,
              "state": "pending",
              "speed": null,
              "pass": false,
              "fail": false,
              "pending": true,
              "context": null,
              "code": "",
              "err": {},
              "uuid": "d359cdc8-b55f-48ab-a023-99d7e413ee21",
              "parentUUID": "cc24dfc5-b5a4-4d8d-a8f8-e7dc9a4c18c8",
              "isHook": false,
              "skipped": false
            },
            {
              "title": "get unit",
              "fullTitle": "get add unit get unit",
              "timedOut": false,
              "duration": 602,
              "state": "passed",
              "speed": "slow",
              "pass": true,
              "fail": false,
              "pending": false,
              "context": null,
              "code": "const response = await request (BaseURL).get('/units')\n\n.set('Authorization',`Bearer ${accessToken}`)\nexpect((await response).status).to.equal(200)\nexpect ((await response).body.status).to.equal(\"success\")\nconsole.log((await response).body)\nconsole.log((await response).body.data.units[0])",
              "err": {},
              "uuid": "64c488e0-44fd-4cbe-a5f4-9a5919130d83",
              "parentUUID": "cc24dfc5-b5a4-4d8d-a8f8-e7dc9a4c18c8",
              "isHook": false,
              "skipped": false
            }
          ],
          "suites": [],
          "passes": [
            "64c488e0-44fd-4cbe-a5f4-9a5919130d83"
          ],
          "failures": [],
          "pending": [
            "d359cdc8-b55f-48ab-a023-99d7e413ee21"
          ],
          "skipped": [],
          "duration": 602,
          "root": false,
          "rootEmpty": false,
          "_timeout": 2000
        },
        {
          "uuid": "273f4f81-d615-4cd8-ac37-cba27e863e68",
          "title": "get add Category",
          "fullFile": "/Users/hf/Documents/bootcamp/Tugas-API-Automation/tugastriisya.js",
          "file": "/tugastriisya.js",
          "beforeHooks": [],
          "afterHooks": [],
          "tests": [
            {
              "title": "add Category",
              "fullTitle": "get add Category add Category",
              "timedOut": false,
              "duration": 0,
              "state": "pending",
              "speed": null,
              "pass": false,
              "fail": false,
              "pending": true,
              "context": null,
              "code": "",
              "err": {},
              "uuid": "84a3b766-dcf6-4782-a56e-d63459cd6b17",
              "parentUUID": "273f4f81-d615-4cd8-ac37-cba27e863e68",
              "isHook": false,
              "skipped": false
            },
            {
              "title": "get category",
              "fullTitle": "get add Category get category",
              "timedOut": false,
              "duration": 227,
              "state": "passed",
              "speed": "slow",
              "pass": true,
              "fail": false,
              "pending": false,
              "context": null,
              "code": "const response = await request (BaseURL).get('/categories')\n\n.set('Authorization',`Bearer ${accessToken}`)\nexpect((await response).status).to.equal(200)\nexpect ((await response).body.status).to.equal(\"success\")\nconsole.log((await response).body)\nconsole.log((await response).body.data.categories[0])\nconsole.log((await response).body.data.name)",
              "err": {},
              "uuid": "1c097cac-accc-46a1-b06a-73d34793003b",
              "parentUUID": "273f4f81-d615-4cd8-ac37-cba27e863e68",
              "isHook": false,
              "skipped": false
            }
          ],
          "suites": [],
          "passes": [
            "1c097cac-accc-46a1-b06a-73d34793003b"
          ],
          "failures": [],
          "pending": [
            "84a3b766-dcf6-4782-a56e-d63459cd6b17"
          ],
          "skipped": [],
          "duration": 227,
          "root": false,
          "rootEmpty": false,
          "_timeout": 2000
        },
        {
          "uuid": "e232b67d-c2db-4d66-a012-64c870ce2260",
          "title": "add Customers",
          "fullFile": "/Users/hf/Documents/bootcamp/Tugas-API-Automation/tugastriisya.js",
          "file": "/tugastriisya.js",
          "beforeHooks": [],
          "afterHooks": [],
          "tests": [
            {
              "title": "add Customers",
              "fullTitle": "add Customers add Customers",
              "timedOut": false,
              "duration": 0,
              "state": "pending",
              "speed": null,
              "pass": false,
              "fail": false,
              "pending": true,
              "context": null,
              "code": "",
              "err": {},
              "uuid": "d319a384-c558-4cd5-bbf8-2e012c58bdbe",
              "parentUUID": "e232b67d-c2db-4d66-a012-64c870ce2260",
              "isHook": false,
              "skipped": false
            },
            {
              "title": "get customers",
              "fullTitle": "add Customers get customers",
              "timedOut": false,
              "duration": 235,
              "state": "passed",
              "speed": "slow",
              "pass": true,
              "fail": false,
              "pending": false,
              "context": null,
              "code": "const response = await request (BaseURL).get('/customers')\n\n.set('Authorization',`Bearer ${accessToken}`)\nexpect((await response).status).to.equal(200)\nexpect ((await response).body.status).to.equal(\"success\")\nconsole.log((await response).body)\nconsole.log((await response).body.data.custumers)\nconsole.log((await response).body.data.name)",
              "err": {},
              "uuid": "df7a69af-8825-4728-9600-0b563fbad50e",
              "parentUUID": "e232b67d-c2db-4d66-a012-64c870ce2260",
              "isHook": false,
              "skipped": false
            }
          ],
          "suites": [],
          "passes": [
            "df7a69af-8825-4728-9600-0b563fbad50e"
          ],
          "failures": [],
          "pending": [
            "d319a384-c558-4cd5-bbf8-2e012c58bdbe"
          ],
          "skipped": [],
          "duration": 235,
          "root": false,
          "rootEmpty": false,
          "_timeout": 2000
        }
      ],
      "passes": [],
      "failures": [],
      "pending": [],
      "skipped": [],
      "duration": 0,
      "root": true,
      "rootEmpty": true,
      "_timeout": 2000
    }
  ],
  "meta": {
    "mocha": {
      "version": "10.7.3"
    },
    "mochawesome": {
      "options": {
        "quiet": false,
        "reportFilename": "mochawesome",
        "saveHtml": true,
        "saveJson": true,
        "consoleReporter": "spec",
        "useInlineDiffs": false,
        "code": true
      },
      "version": "7.1.3"
    },
    "marge": {
      "options": null,
      "version": "6.2.0"
    }
  }
}